<?xml version="1.0" encoding="UTF-8"?>
<!-- Generated by org.testng.reporters.JUnitXMLReporter -->
<testsuite hostname="CHALAMA" ignored="3" name="Test" tests="24" failures="2" timestamp="2021-01-26T18:56:40 IST" time="818.148" errors="0">
  <testcase name="ValidSignupDetails" time="34.931" classname="com.qa.TestCases.SignupTest"/>
  <testcase name="ValidSignupDetails" time="34.71" classname="com.qa.TestCases.SignupTest"/>
  <testcase name="InvalidSignup" time="22.482" classname="com.qa.TestCases.SignupTest"/>
  <testcase name="InvalidSignup" time="22.131" classname="com.qa.TestCases.SignupTest"/>
  <testcase name="InvalidSignup" time="21.897" classname="com.qa.TestCases.SignupTest"/>
  <testcase name="InvalidSignup" time="21.917" classname="com.qa.TestCases.SignupTest"/>
  <testcase name="InvalidSignup" time="21.865" classname="com.qa.TestCases.SignupTest"/>
  <testcase name="InvalidSignup" time="21.78" classname="com.qa.TestCases.SignupTest"/>
  <testcase name="LoginWithBlank" time="0.854" classname="com.qa.TestCases.ManualLoginTest"/>
  <testcase name="LoginWithInvalidData" time="5.252" classname="com.qa.TestCases.ManualLoginTest"/>
  <testcase name="LoginWithInvalidData" time="5.179" classname="com.qa.TestCases.ManualLoginTest"/>
  <testcase name="LoginWithInvalidData" time="5.286" classname="com.qa.TestCases.ManualLoginTest"/>
  <testcase name="LoginWithInvalidData" time="4.978" classname="com.qa.TestCases.ManualLoginTest"/>
  <testcase name="LoginWithInvalidData" time="5.578" classname="com.qa.TestCases.ManualLoginTest"/>
  <testcase name="LoginWithInvalidData" time="4.803" classname="com.qa.TestCases.ManualLoginTest"/>
  <testcase name="LoginWithValidData" time="29.837" classname="com.qa.TestCases.ManualLoginTest"/>
  <testcase name="VerifyTheLogo" time="4.423" classname="com.qa.TestCases.ManualLoginTest"/>
  <testcase name="SellerDashboard" time="45.678" classname="com.qa.TestCases.SellersDashboardTest">
    <failure type="org.openqa.selenium.NoSuchElementException" message="no such element: Unable to locate element: {&amp;quot;method&amp;quot;:&amp;quot;xpath&amp;quot;,&amp;quot;selector&amp;quot;:&amp;quot;//div[text()=&amp;apos;+ Create New Listing&amp;apos;]&amp;quot;}
  (Session info: chrome=87.0.4280.141)
For documentation on this error, please visit: https://www.seleniumhq.org/exceptions/no_such_element.html
Build info: version: &amp;apos;3.141.59&amp;apos;, revision: &amp;apos;e82be7d358&amp;apos;, time: &amp;apos;2018-11-14T08:17:03&amp;apos;
System info: host: &amp;apos;CHALAMA&amp;apos;, ip: &amp;apos;10.2.3.130&amp;apos;, os.name: &amp;apos;Windows 10&amp;apos;, os.arch: &amp;apos;amd64&amp;apos;, os.version: &amp;apos;10.0&amp;apos;, java.version: &amp;apos;1.8.0_211&amp;apos;
Driver info: org.openqa.selenium.chrome.ChromeDriver
Capabilities {acceptInsecureCerts: false, browserName: chrome, browserVersion: 87.0.4280.141, chrome: {chromedriverVersion: 86.0.4240.22 (398b0743353ff..., userDataDir: C:\Users\CHALAMA\AppData\Lo...}, goog:chromeOptions: {debuggerAddress: localhost:53567}, javascriptEnabled: true, networkConnectionEnabled: false, pageLoadStrategy: normal, platform: WINDOWS, platformName: WINDOWS, proxy: Proxy(), setWindowRect: true, strictFileInteractability: false, timeouts: {implicit: 0, pageLoad: 300000, script: 30000}, unhandledPromptBehavior: dismiss and notify, webauthn:virtualAuthenticators: true}
Session ID: b83d4b96b3b0b9d849ce4a03ea49737d
*** Element info: {Using=xpath, value=//div[text()=&amp;apos;+ Create New Listing&amp;apos;]}">
      <![CDATA[org.openqa.selenium.NoSuchElementException: no such element: Unable to locate element: {"method":"xpath","selector":"//div[text()='+ Create New Listing']"}
  (Session info: chrome=87.0.4280.141)
For documentation on this error, please visit: https://www.seleniumhq.org/exceptions/no_such_element.html
Build info: version: '3.141.59', revision: 'e82be7d358', time: '2018-11-14T08:17:03'
System info: host: 'CHALAMA', ip: '10.2.3.130', os.name: 'Windows 10', os.arch: 'amd64', os.version: '10.0', java.version: '1.8.0_211'
Driver info: org.openqa.selenium.chrome.ChromeDriver
Capabilities {acceptInsecureCerts: false, browserName: chrome, browserVersion: 87.0.4280.141, chrome: {chromedriverVersion: 86.0.4240.22 (398b0743353ff..., userDataDir: C:\Users\CHALAMA\AppData\Lo...}, goog:chromeOptions: {debuggerAddress: localhost:53567}, javascriptEnabled: true, networkConnectionEnabled: false, pageLoadStrategy: normal, platform: WINDOWS, platformName: WINDOWS, proxy: Proxy(), setWindowRect: true, strictFileInteractability: false, timeouts: {implicit: 0, pageLoad: 300000, script: 30000}, unhandledPromptBehavior: dismiss and notify, webauthn:virtualAuthenticators: true}
Session ID: b83d4b96b3b0b9d849ce4a03ea49737d
*** Element info: {Using=xpath, value=//div[text()='+ Create New Listing']}
at org.openqa.selenium.remote.http.W3CHttpResponseCodec.createException(W3CHttpResponseCodec.java:187)
at org.openqa.selenium.remote.http.W3CHttpResponseCodec.decode(W3CHttpResponseCodec.java:122)
at org.openqa.selenium.remote.http.W3CHttpResponseCodec.decode(W3CHttpResponseCodec.java:49)
at org.openqa.selenium.remote.HttpCommandExecutor.execute(HttpCommandExecutor.java:158)
at org.openqa.selenium.remote.service.DriverCommandExecutor.execute(DriverCommandExecutor.java:83)
at org.openqa.selenium.remote.RemoteWebDriver.execute(RemoteWebDriver.java:552)
at org.openqa.selenium.remote.RemoteWebDriver.findElement(RemoteWebDriver.java:323)
at org.openqa.selenium.remote.RemoteWebDriver.findElementByXPath(RemoteWebDriver.java:428)
at org.openqa.selenium.By$ByXPath.findElement(By.java:353)
at org.openqa.selenium.remote.RemoteWebDriver.findElement(RemoteWebDriver.java:315)
at org.openqa.selenium.support.pagefactory.DefaultElementLocator.findElement(DefaultElementLocator.java:69)
at org.openqa.selenium.support.pagefactory.internal.LocatingElementHandler.invoke(LocatingElementHandler.java:38)
at com.sun.proxy.$Proxy10.getText(Unknown Source)
at com.qa.PageObjects.SellersDashboard.sellerDashboard(SellersDashboard.java:47)
at com.qa.TestCases.SellersDashboardTest.SellerDashboard(SellersDashboardTest.java:13)
at java.util.ArrayList.forEach(Unknown Source)
... Removed 31 stack frames]]>
    </failure>
  </testcase> <!-- SellerDashboard -->
  <testcase name="BuyerDashboard" time="28.631" classname="com.qa.TestCases.BuyersDashboardTest"/>
  <testcase name="List" time="34.403" classname="com.qa.TestCases.ListingsTest">
    <failure type="org.openqa.selenium.ElementClickInterceptedException" message="element click intercepted: Element &amp;lt;img src=&amp;quot;/seedhop-ui/static/media/Crop.c1f25063.svg&amp;quot;&amp;gt; is not clickable at point (82, 601). Other element would receive the click: &amp;lt;div class=&amp;quot;modal display-block&amp;quot;&amp;gt;...&amp;lt;/div&amp;gt;
  (Session info: chrome=87.0.4280.141)
Build info: version: &amp;apos;3.141.59&amp;apos;, revision: &amp;apos;e82be7d358&amp;apos;, time: &amp;apos;2018-11-14T08:17:03&amp;apos;
System info: host: &amp;apos;CHALAMA&amp;apos;, ip: &amp;apos;10.2.3.130&amp;apos;, os.name: &amp;apos;Windows 10&amp;apos;, os.arch: &amp;apos;amd64&amp;apos;, os.version: &amp;apos;10.0&amp;apos;, java.version: &amp;apos;1.8.0_211&amp;apos;
Driver info: org.openqa.selenium.chrome.ChromeDriver
Capabilities {acceptInsecureCerts: false, browserName: chrome, browserVersion: 87.0.4280.141, chrome: {chromedriverVersion: 86.0.4240.22 (398b0743353ff..., userDataDir: C:\Users\CHALAMA\AppData\Lo...}, goog:chromeOptions: {debuggerAddress: localhost:53722}, javascriptEnabled: true, networkConnectionEnabled: false, pageLoadStrategy: normal, platform: WINDOWS, platformName: WINDOWS, proxy: Proxy(), setWindowRect: true, strictFileInteractability: false, timeouts: {implicit: 0, pageLoad: 300000, script: 30000}, unhandledPromptBehavior: dismiss and notify, webauthn:virtualAuthenticators: true}
Session ID: 4a363705a2869984eed5949bff7feecf">
      <![CDATA[org.openqa.selenium.ElementClickInterceptedException: element click intercepted: Element <img src="/seedhop-ui/static/media/Crop.c1f25063.svg"> is not clickable at point (82, 601). Other element would receive the click: <div class="modal display-block">...</div>
  (Session info: chrome=87.0.4280.141)
Build info: version: '3.141.59', revision: 'e82be7d358', time: '2018-11-14T08:17:03'
System info: host: 'CHALAMA', ip: '10.2.3.130', os.name: 'Windows 10', os.arch: 'amd64', os.version: '10.0', java.version: '1.8.0_211'
Driver info: org.openqa.selenium.chrome.ChromeDriver
Capabilities {acceptInsecureCerts: false, browserName: chrome, browserVersion: 87.0.4280.141, chrome: {chromedriverVersion: 86.0.4240.22 (398b0743353ff..., userDataDir: C:\Users\CHALAMA\AppData\Lo...}, goog:chromeOptions: {debuggerAddress: localhost:53722}, javascriptEnabled: true, networkConnectionEnabled: false, pageLoadStrategy: normal, platform: WINDOWS, platformName: WINDOWS, proxy: Proxy(), setWindowRect: true, strictFileInteractability: false, timeouts: {implicit: 0, pageLoad: 300000, script: 30000}, unhandledPromptBehavior: dismiss and notify, webauthn:virtualAuthenticators: true}
Session ID: 4a363705a2869984eed5949bff7feecf
at org.openqa.selenium.remote.http.W3CHttpResponseCodec.createException(W3CHttpResponseCodec.java:187)
at org.openqa.selenium.remote.http.W3CHttpResponseCodec.decode(W3CHttpResponseCodec.java:122)
at org.openqa.selenium.remote.http.W3CHttpResponseCodec.decode(W3CHttpResponseCodec.java:49)
at org.openqa.selenium.remote.HttpCommandExecutor.execute(HttpCommandExecutor.java:158)
at org.openqa.selenium.remote.service.DriverCommandExecutor.execute(DriverCommandExecutor.java:83)
at org.openqa.selenium.remote.RemoteWebDriver.execute(RemoteWebDriver.java:552)
at org.openqa.selenium.remote.RemoteWebElement.execute(RemoteWebElement.java:285)
at org.openqa.selenium.remote.RemoteWebElement.click(RemoteWebElement.java:84)
at org.openqa.selenium.support.pagefactory.internal.LocatingElementHandler.invoke(LocatingElementHandler.java:51)
at com.sun.proxy.$Proxy10.click(Unknown Source)
at com.qa.PageObjects.Listings.List(Listings.java:47)
at com.qa.TestCases.ListingsTest.List(ListingsTest.java:13)
at java.util.ArrayList.forEach(Unknown Source)
... Removed 34 stack frames]]>
    </failure>
  </testcase> <!-- List -->
  <testcase name="LoginWithNonRegister_GeneralDetails" time="136.846" classname="com.qa.TestCases.RegistrationTest"/>
  <testcase name="Registration_FinancialDetails" time="62.023" classname="com.qa.TestCases.RegistrationTest"/>
  <testcase name="Registration_TermsACondtions" time="3.185" classname="com.qa.TestCases.RegistrationTest"/>
  <testcase name="Profile" time="16.112" classname="com.qa.TestCases.ProfileTest"/>
  <testcase name="CreateList" time="0.0" classname="com.qa.TestCases.CreateListingTest">
    <ignored/>
  </testcase> <!-- CreateList -->
  <testcase name="LoginWithValidData" time="0.0" classname="com.qa.TestCases.CreateListingTest">
    <ignored/>
  </testcase> <!-- LoginWithValidData -->
  <testcase name="NavtigateCreateListing" time="0.0" classname="com.qa.TestCases.CreateListingTest">
    <ignored/>
  </testcase> <!-- NavtigateCreateListing -->
</testsuite> <!-- Test -->
